D:\GitProject\LaserLocation\Light_C\Debug\cl.command.1.tlog
D:\GitProject\LaserLocation\Light_C\Debug\CL.read.1.tlog
D:\GitProject\LaserLocation\Light_C\Debug\CL.write.1.tlog
D:\GITPROJECT\LASERLOCATION\LIGHT_C\DEBUG\LIGHT_C.EXE
D:\GITPROJECT\LASERLOCATION\LIGHT_C\DEBUG\LIGHT_C.EXE.EMBED.MANIFEST
D:\GITPROJECT\LASERLOCATION\LIGHT_C\DEBUG\LIGHT_C.EXE.EMBED.MANIFEST.RES
D:\GITPROJECT\LASERLOCATION\LIGHT_C\DEBUG\LIGHT_C.EXE.INTERMEDIATE.MANIFEST
D:\GITPROJECT\LASERLOCATION\LIGHT_C\DEBUG\LIGHT_C.ILK
D:\GITPROJECT\LASERLOCATION\LIGHT_C\DEBUG\LIGHT_C.OBJ
D:\GITPROJECT\LASERLOCATION\LIGHT_C\DEBUG\LIGHT_C.PCH
D:\GITPROJECT\LASERLOCATION\LIGHT_C\DEBUG\LIGHT_C.PDB
D:\GitProject\LaserLocation\Light_C\Debug\Light_C.vcxprojResolveAssemblyReference.cache
D:\GitProject\LaserLocation\Light_C\Debug\Light_C.write.1.tlog
D:\GitProject\LaserLocation\Light_C\Debug\Light_C_manifest.rc
D:\GitProject\LaserLocation\Light_C\Debug\link.10136.read.1.tlog
D:\GitProject\LaserLocation\Light_C\Debug\link.10136.write.1.tlog
D:\GitProject\LaserLocation\Light_C\Debug\link.10136-cvtres.read.1.tlog
D:\GitProject\LaserLocation\Light_C\Debug\link.10136-cvtres.write.1.tlog
D:\GitProject\LaserLocation\Light_C\Debug\link.command.1.tlog
D:\GitProject\LaserLocation\Light_C\Debug\link.read.1.tlog
D:\GitProject\LaserLocation\Light_C\Debug\link.write.1.tlog
D:\GitProject\LaserLocation\Light_C\Debug\link-cvtres.read.1.tlog
D:\GitProject\LaserLocation\Light_C\Debug\link-cvtres.write.1.tlog
D:\GitProject\LaserLocation\Light_C\Debug\mt.command.1.tlog
D:\GitProject\LaserLocation\Light_C\Debug\mt.read.1.tlog
D:\GitProject\LaserLocation\Light_C\Debug\mt.write.1.tlog
D:\GitProject\LaserLocation\Light_C\Debug\rc.command.1.tlog
D:\GitProject\LaserLocation\Light_C\Debug\rc.read.1.tlog
D:\GitProject\LaserLocation\Light_C\Debug\rc.write.1.tlog
D:\GITPROJECT\LASERLOCATION\LIGHT_C\DEBUG\STDAFX.OBJ
D:\GitProject\LaserLocation\Light_C\Debug\vc100.idb
D:\GITPROJECT\LASERLOCATION\LIGHT_C\DEBUG\VC100.PDB
